<?xml version="1.0" encoding="UTF-8"?>
<!-- Generated by org.testng.reporters.JUnitXMLReporter -->
<testsuite ignored="0" hostname="TORNEDO" failures="1" tests="5" name="chrome" time="22.472" errors="0" timestamp="2023-03-02T11:11:30 IST">
  <testcase classname="projectTestCases.LoginTestCases" name="verifyCSSValueofSignIn" time="0.115"/>
  <testcase classname="projectTestCases.LoginTestCases" name="verifyDataFromExcel" time="1.312"/>
  <testcase classname="projectTestCases.LoginTestCases" name="verifyLogin" time="0.987"/>
  <testcase classname="projectTestCases.LoginTestCases" name="verifySignInGetText" time="0.054"/>
  <testcase classname="projectTestCases.LoginTestCases" name="verifyremberMeunSelected" time="0.156">
    <failure type="java.lang.NoSuchMethodError" message="&amp;apos;void org.testng.Assert.assertEquals(java.lang.Boolean, java.lang.Boolean)&amp;apos;">
      <![CDATA[java.lang.NoSuchMethodError: 'void org.testng.Assert.assertEquals(java.lang.Boolean, java.lang.Boolean)'
at projectTestCases.LoginTestCases.verifyremberMeunSelected(LoginTestCases.java:36)
at java.base/java.util.ArrayList.forEach(ArrayList.java:1511)
... Removed 25 stack frames]]>
    </failure>
  </testcase> <!-- verifyremberMeunSelected -->
</testsuite> <!-- chrome -->
