<?xml version="1.0" encoding="UTF-8"?>
<!-- Generated by org.testng.reporters.JUnitXMLReporter -->
<testsuite ignored="0" hostname="TORNEDO" failures="1" tests="10" name="edge" time="62.702" errors="0" timestamp="2023-03-02T11:12:32 IST">
  <testcase classname="projectTestCases.LoginTestCases" name="verifyCSSValueofSignIn" time="0.043"/>
  <testcase classname="projectTestCases.LoginTestCases" name="verifyDataFromExcel" time="0.065"/>
  <testcase classname="projectTestCases.LoginTestCases" name="verifyLogin" time="0.807"/>
  <testcase classname="projectTestCases.LoginTestCases" name="verifySignInGetText" time="0.044"/>
  <testcase classname="projectTestCases.LoginTestCases" name="verifyremberMeunSelected" time="0.147">
    <failure type="java.lang.NoSuchMethodError" message="&amp;apos;void org.testng.Assert.assertEquals(java.lang.Boolean, java.lang.Boolean)&amp;apos;">
      <![CDATA[java.lang.NoSuchMethodError: 'void org.testng.Assert.assertEquals(java.lang.Boolean, java.lang.Boolean)'
at projectTestCases.LoginTestCases.verifyremberMeunSelected(LoginTestCases.java:36)
at java.base/java.util.ArrayList.forEach(ArrayList.java:1511)
... Removed 25 stack frames]]>
    </failure>
  </testcase> <!-- verifyremberMeunSelected -->
  <testcase classname="projectTestCases.ManageExpenseTestCase" name="verifyClickManageExpense" time="0.854"/>
  <testcase classname="projectTestCases.ManageExpenseTestCase" name="verifyClickMnageExpenseSub" time="1.512"/>
  <testcase classname="projectTestCases.ManageExpenseTestCase" name="verifyDeleteAndGetTextOfAlert" time="1.624"/>
  <testcase classname="projectTestCases.ManageExpenseTestCase" name="verifyFileUpload" time="4.519"/>
  <testcase classname="projectTestCases.ManageExpenseTestCase" name="verifySearchInList" time="2.011"/>
</testsuite> <!-- edge -->
