<?xml version="1.0" encoding="UTF-8"?>
<!-- Generated by org.testng.reporters.JUnitXMLReporter -->
<testsuite ignored="0" hostname="TORNEDO" failures="1" tests="5" name="chrome" time="44.883" errors="0" timestamp="2023-03-09T12:35:15 IST">
  <testcase classname="projectTestCases.LoginTestCases" name="verifyCSSValueofSignIn" time="1.328"/>
  <testcase classname="projectTestCases.LoginTestCases" name="verifyDataFromExcel" time="2.387"/>
  <testcase classname="projectTestCases.LoginTestCases" name="verifyLogin" time="2.25"/>
  <testcase classname="projectTestCases.LoginTestCases" name="verifySignInGetText" time="0.414"/>
  <testcase classname="projectTestCases.LoginTestCases" name="verifyremberMeunSelected" time="0.569">
    <failure type="java.lang.NoSuchMethodError" message="&amp;apos;void org.testng.Assert.assertEquals(java.lang.Boolean, java.lang.Boolean)&amp;apos;">
      <![CDATA[java.lang.NoSuchMethodError: 'void org.testng.Assert.assertEquals(java.lang.Boolean, java.lang.Boolean)'
at projectTestCases.LoginTestCases.verifyremberMeunSelected(LoginTestCases.java:38)
at java.base/java.util.ArrayList.forEach(ArrayList.java:1511)
at java.base/java.util.concurrent.FutureTask.run(FutureTask.java:264)
at java.base/java.util.concurrent.ThreadPoolExecutor.runWorker(ThreadPoolExecutor.java:1136)
at java.base/java.util.concurrent.ThreadPoolExecutor$Worker.run(ThreadPoolExecutor.java:635)
at java.base/java.lang.Thread.run(Thread.java:833)
... Removed 18 stack frames]]>
    </failure>
  </testcase> <!-- verifyremberMeunSelected -->
</testsuite> <!-- chrome -->
