<?xml version="1.0" encoding="UTF-8"?>
<!-- Generated by org.testng.reporters.JUnitXMLReporter -->
<testsuite ignored="0" hostname="TORNEDO" failures="0" tests="10" name="My Test" time="52.225" errors="0" timestamp="2023-03-09T11:14:05 IST">
  <testcase classname="projectTestCases.LoginTestCases" name="verifyCSSValueofSignIn" time="0.165"/>
  <testcase classname="projectTestCases.LoginTestCases" name="verifyDataFromExcel" time="1.23"/>
  <testcase classname="projectTestCases.LoginTestCases" name="verifyLogin" time="1.07"/>
  <testcase classname="projectTestCases.LoginTestCases" name="verifySignInGetText" time="0.11"/>
  <testcase classname="projectTestCases.LoginTestCases" name="verifyremberMeunSelected" time="0.209"/>
  <testcase classname="projectTestCases.ManageExpenseTestCase" name="verifyClickManageExpense" time="1.177"/>
  <testcase classname="projectTestCases.ManageExpenseTestCase" name="verifyClickMnageExpenseSub" time="1.636"/>
  <testcase classname="projectTestCases.ManageExpenseTestCase" name="verifyDeleteAndGetTextOfAlert" time="1.799"/>
  <testcase classname="projectTestCases.ManageExpenseTestCase" name="verifyFileUpload" time="4.592"/>
  <testcase classname="projectTestCases.ManageExpenseTestCase" name="verifySearchInList" time="2.369"/>
</testsuite> <!-- My Test -->
