<?xml version="1.0" encoding="UTF-8"?>
<!-- Generated by org.testng.reporters.JUnitXMLReporter -->
<testsuite ignored="2" hostname="TORNEDO" failures="0" tests="3" name="GroupingTest" time="14.735" errors="0" timestamp="2023-03-02T11:19:37 IST">
  <testcase classname="projectTestCases.LoginTestCases" name="verifyDataFromExcel" time="1.035"/>
  <testcase classname="projectTestCases.LoginTestCases" name="verifyLogin" time="1.006"/>
  <testcase classname="projectTestCases.LoginTestCases" name="verifySignInGetText" time="0.052"/>
  <testcase classname="projectTestCases.LoginTestCases" name="verifyremberMeunSelected" time="0.0">
    <ignored/>
  </testcase> <!-- verifyremberMeunSelected -->
  <testcase classname="projectTestCases.LoginTestCases" name="verifyCSSValueofSignIn" time="0.0">
    <ignored/>
  </testcase> <!-- verifyCSSValueofSignIn -->
</testsuite> <!-- GroupingTest -->
